Home Automation System App/app/build/outputs/logs/manifest-merger-debug-report.txt
-- Merging decision tree log ---
manifest
ADDED from src\main\AndroidManifest.xml:2:1-74:12
INJECTED from src\main\AndroidManifest.xml:2:1-74:12
INJECTED from src\main\AndroidManifest.xml:2:1-74:12
INJECTED from src\main\AndroidManifest.xml:2:1-74:12
MERGED from [com.google.android.material:material:1.12.0] AndroidManifest.xml:17:1-24:12
MERGED from [androidx.constraintlayout:constraintlayout:2.2.0] AndroidManifest.xml:2:1-9:12
MERGED from [androidx.appcompat:appcompat-resources:1.7.0] AndroidManifest.xml:2:1-7:12
MERGED from [androidx.appcompat:appcompat:1.7.0] AndroidManifest.xml:2:1-7:12
MERGED from [com.google.android.gms:play-services-maps:18.2.0] AndroidManifest.xml:17:1-44:12
MERGED from [androidx.viewpager2:viewpager2:1.0.0] AndroidManifest.xml:17:1-24:12
MERGED from [com.google.firebase:firebase-firestore:25.1.1] AndroidManifest.xml:2:1-26:12
MERGED from [com.google.android.gms:play-services-location:21.0.1] AndroidManifest.xml:2:1-9:12
MERGED from [com.google.firebase:firebase-database-ktx:21.0.0] AndroidManifest.xml:2:1-18:12
MERGED from [com.google.firebase:firebase-database:21.0.0] AndroidManifest.xml:15:1-38:12
MERGED from [com.google.firebase:firebase-database-collection:18.0.1] AndroidManifest.xml:2:1-9:12
MERGED from [com.google.firebase:firebase-auth-ktx:22.0.0] AndroidManifest.xml:2:1-17:12
MERGED from [com.google.firebase:firebase-auth:22.0.0] AndroidManifest.xml:17:1-75:12
MERGED from [com.google.firebase:firebase-appcheck-interop:17.1.0] AndroidManifest.xml:15:1-23:12
MERGED from [com.google.android.gms:play-services-auth-api-phone:17.4.0] AndroidManifest.xml:2:1-7:12
MERGED from [com.google.android.gms:play-services-base:18.1.0] AndroidManifest.xml:16:1-24:12
MERGED from [com.google.firebase:firebase-analytics-ktx:21.2.2] AndroidManifest.xml:2:1-17:12
MERGED from [com.google.firebase:firebase-common-ktx:21.0.0] AndroidManifest.xml:2:1-18:12
MERGED from [com.google.firebase:firebase-auth-interop:20.0.0] AndroidManifest.xml:2:1-10:12
MERGED from [com.google.firebase:firebase-analytics:21.2.2] AndroidManifest.xml:2:1-9:12
MERGED from [com.google.android.gms:play-services-measurement-api:21.2.2] AndroidManifest.xml:17:1-37:12
MERGED from [com.google.firebase:firebase-installations:17.1.3] AndroidManifest.xml:2:1-23:12
MERGED from [com.google.firebase:firebase-common:21.0.0] AndroidManifest.xml:15:1-41:12
MERGED from [com.google.android.recaptcha:recaptcha:18.1.2] AndroidManifest.xml:2:1-10:12
MERGED from [com.google.android.play:integrity:1.1.0] AndroidManifest.xml:2:1-7:12
MERGED from [androidx.media3:media3-exoplayer:1.5.1] AndroidManifest.xml:17:1-24:12
MERGED from [androidx.media3:media3-extractor:1.5.1] AndroidManifest.xml:17:1-22:12
MERGED from [androidx.media3:media3-container:1.5.1] AndroidManifest.xml:17:1-22:12
MERGED from [androidx.media3:media3-datasource:1.5.1] AndroidManifest.xml:17:1-22:12
MERGED from [androidx.media3:media3-decoder:1.5.1] AndroidManifest.xml:17:1-22:12
MERGED from [androidx.media3:media3-database:1.5.1] AndroidManifest.xml:17:1-22:12
MERGED from [androidx.media3:media3-common:1.5.1] AndroidManifest.xml:17:1-24:12
MERGED from [androidx.media3:media3-common-ktx:1.5.1] AndroidManifest.xml:17:1-22:12
MERGED from [androidx.emoji2:emoji2-views-helper:1.3.0] AndroidManifest.xml:2:1-7:12
MERGED from [androidx.emoji2:emoji2:1.3.0] AndroidManifest.xml:17:1-35:12
MERGED from [androidx.transition:transition:1.5.0] AndroidManifest.xml:2:1-7:12
MERGED from [androidx.dynamicanimation:dynamicanimation:1.0.0] AndroidManifest.xml:17:1-22:12
MERGED from [com.google.android.gms:play-services-measurement:21.2.2] AndroidManifest.xml:17:1-46:12
MERGED from [com.google.android.gms:play-services-measurement-sdk:21.2.2] AndroidManifest.xml:17:1-25:12
MERGED from [com.google.android.gms:play-services-measurement-impl:21.2.2] AndroidManifest.xml:17:1-32:12
MERGED from [com.google.android.gms:play-services-stats:17.0.2] AndroidManifest.xml:2:1-9:12
MERGED from [androidx.legacy:legacy-support-core-utils:1.0.0] AndroidManifest.xml:17:1-22:12
MERGED from [androidx.loader:loader:1.0.0] AndroidManifest.xml:17:1-22:12
MERGED from [androidx.lifecycle:lifecycle-livedata:2.6.2] AndroidManifest.xml:17:1-22:12
MERGED from [androidx.lifecycle:lifecycle-viewmodel:2.6.2] AndroidManifest.xml:17:1-22:12
MERGED from [androidx.lifecycle:lifecycle-process:2.6.2] AndroidManifest.xml:17:1-35:12
MERGED from [androidx.lifecycle:lifecycle-livedata-core:2.6.2] AndroidManifest.xml:17:1-22:12
MERGED from [androidx.lifecycle:lifecycle-runtime:2.6.2] AndroidManifest.xml:2:1-7:12
MERGED from [androidx.lifecycle:lifecycle-viewmodel-savedstate:2.6.2] AndroidManifest.xml:17:1-22:12
MERGED from [androidx.savedstate:savedstate:1.2.1] AndroidManifest.xml:17:1-22:12
MERGED from [com.google.firebase:firebase-installations-interop:17.1.0] AndroidManifest.xml:15:1-22:12
MERGED from [com.google.android.gms:play-services-tasks:18.1.0] AndroidManifest.xml:2:1-6:12
MERGED from [com.google.android.gms:play-services-ads-identifier:18.0.0] AndroidManifest.xml:17:1-27:12
MERGED from [com.google.android.gms:play-services-measurement-sdk-api:21.2.2] AndroidManifest.xml:17:1-28:12
MERGED from [com.google.android.gms:play-services-measurement-base:21.2.2] AndroidManifest.xml:2:1-9:12
MERGED from [com.google.firebase:firebase-measurement-connector:19.0.0] AndroidManifest.xml:17:1-25:12
MERGED from [com.google.android.gms:play-services-basement:18.3.0] AndroidManifest.xml:16:1-26:12
MERGED from [androidx.fragment:fragment:1.5.4] AndroidManifest.xml:17:1-24:12
MERGED from [androidx.activity:activity:1.9.3] AndroidManifest.xml:17:1-22:12
MERGED from [androidx.drawerlayout:drawerlayout:1.1.1] AndroidManifest.xml:17:1-24:12
MERGED from [androidx.coordinatorlayout:coordinatorlayout:1.1.0] AndroidManifest.xml:17:1-24:12
MERGED from [androidx.vectordrawable:vectordrawable-animated:1.1.0] AndroidManifest.xml:17:1-24:12
MERGED from [androidx.vectordrawable:vectordrawable:1.1.0] AndroidManifest.xml:17:1-24:12
MERGED from [androidx.viewpager:viewpager:1.0.0] AndroidManifest.xml:17:1-22:12
MERGED from [androidx.recyclerview:recyclerview:1.1.0] AndroidManifest.xml:17:1-24:12
MERGED from [androidx.customview:customview:1.1.0] AndroidManifest.xml:17:1-24:12
MERGED from [androidx.browser:browser:1.4.0] AndroidManifest.xml:17:1-24:12
MERGED from [androidx.core:core:1.15.0] AndroidManifest.xml:17:1-30:12
MERGED from [androidx.core:core-ktx:1.15.0] AndroidManifest.xml:2:1-7:12
MERGED from [androidx.cursoradapter:cursoradapter:1.0.0] AndroidManifest.xml:17:1-22:12
MERGED from [androidx.cardview:cardview:1.0.0] AndroidManifest.xml:17:1-22:12
MERGED from [androidx.profileinstaller:profileinstaller:1.4.0] AndroidManifest.xml:17:1-55:12
MERGED from [com.google.firebase:firebase-components:18.0.0] AndroidManifest.xml:15:1-20:12
MERGED from [androidx.startup:startup-runtime:1.1.1] AndroidManifest.xml:17:1-33:12
MERGED from [androidx.tracing:tracing:1.2.0] AndroidManifest.xml:17:1-22:12
MERGED from [androidx.interpolator:interpolator:1.0.0] AndroidManifest.xml:17:1-22:12
MERGED from [androidx.versionedparcelable:versionedparcelable:1.1.1] AndroidManifest.xml:17:1-27:12
MERGED from [androidx.exifinterface:exifinterface:1.3.6] AndroidManifest.xml:17:1-24:12
MERGED from [androidx.localbroadcastmanager:localbroadcastmanager:1.0.0] AndroidManifest.xml:17:1-22:12
MERGED from [androidx.arch.core:core-runtime:2.2.0] AndroidManifest.xml:17:1-22:12
MERGED from [androidx.documentfile:documentfile:1.0.0] AndroidManifest.xml:17:1-22:12
MERGED from [androidx.print:print:1.0.0] AndroidManifest.xml:17:1-22:12
MERGED from [androidx.annotation:annotation-experimental:1.4.1] AndroidManifest.xml:2:1-7:12
MERGED from [io.grpc:grpc-android:1.62.2] AndroidManifest.xml:2:1-9:12
MERGED from [com.google.firebase:protolite-well-known-types:18.0.0] AndroidManifest.xml:2:1-11:12
	package
		INJECTED from src\main\AndroidManifest.xml
	android:versionName
		INJECTED from src\main\AndroidManifest.xml
	xmlns:tools
		ADDED from src\main\AndroidManifest.xml:3:5-51
	android:versionCode
		INJECTED from src\main\AndroidManifest.xml
	xmlns:android
		ADDED from src\main\AndroidManifest.xml:2:11-69
uses-permission#android.permission.ACCESS_FINE_LOCATION
ADDED from src\main\AndroidManifest.xml:5:5-79
	android:name
		ADDED from src\main\AndroidManifest.xml:5:22-76
uses-permission#android.permission.ACCESS_COARSE_LOCATION
ADDED from src\main\AndroidManifest.xml:7:5-81
	android:name
		ADDED from src\main\AndroidManifest.xml:7:22-78
uses-permission#android.permission.TRANSMIT_IR
ADDED from src\main\AndroidManifest.xml:8:5-70
	android:name
		ADDED from src\main\AndroidManifest.xml:8:22-67
uses-permission#android.permission.INTERNET
ADDED from src\main\AndroidManifest.xml:9:5-67
MERGED from [com.google.android.gms:play-services-maps:18.2.0] AndroidManifest.xml:24:5-67
MERGED from [com.google.android.gms:play-services-maps:18.2.0] AndroidManifest.xml:24:5-67
MERGED from [com.google.firebase:firebase-firestore:25.1.1] AndroidManifest.xml:11:5-67
MERGED from [com.google.firebase:firebase-firestore:25.1.1] AndroidManifest.xml:11:5-67
MERGED from [com.google.firebase:firebase-database:21.0.0] AndroidManifest.xml:23:5-67
MERGED from [com.google.firebase:firebase-database:21.0.0] AndroidManifest.xml:23:5-67
MERGED from [com.google.firebase:firebase-auth:22.0.0] AndroidManifest.xml:25:5-67
MERGED from [com.google.firebase:firebase-auth:22.0.0] AndroidManifest.xml:25:5-67
MERGED from [com.google.android.gms:play-services-measurement-api:21.2.2] AndroidManifest.xml:22:5-67
MERGED from [com.google.android.gms:play-services-measurement-api:21.2.2] AndroidManifest.xml:22:5-67
MERGED from [com.google.firebase:firebase-installations:17.1.3] AndroidManifest.xml:10:5-67
MERGED from [com.google.firebase:firebase-installations:17.1.3] AndroidManifest.xml:10:5-67
MERGED from [com.google.android.recaptcha:recaptcha:18.1.2] AndroidManifest.xml:7:5-67
MERGED from [com.google.android.recaptcha:recaptcha:18.1.2] AndroidManifest.xml:7:5-67
MERGED from [com.google.android.gms:play-services-measurement:21.2.2] AndroidManifest.xml:23:5-67
MERGED from [com.google.android.gms:play-services-measurement:21.2.2] AndroidManifest.xml:23:5-67
MERGED from [com.google.android.gms:play-services-measurement-impl:21.2.2] AndroidManifest.xml:23:5-67
MERGED from [com.google.android.gms:play-services-measurement-impl:21.2.2] AndroidManifest.xml:23:5-67
MERGED from [com.google.android.gms:play-services-measurement-sdk-api:21.2.2] AndroidManifest.xml:23:5-67
MERGED from [com.google.android.gms:play-services-measurement-sdk-api:21.2.2] AndroidManifest.xml:23:5-67
	android:name
		ADDED from src\main\AndroidManifest.xml:9:22-64
uses-permission#android.permission.ACCESS_WIFI_STATE
ADDED from src\main\AndroidManifest.xml:10:5-76
	android:name
		ADDED from src\main\AndroidManifest.xml:10:22-73
uses-permission#android.permission.CHANGE_WIFI_STATE
ADDED from src\main\AndroidManifest.xml:11:5-76
	android:name
		ADDED from src\main\AndroidManifest.xml:11:22-73
application
ADDED from src\main\AndroidManifest.xml:13:5-72:19
INJECTED from src\main\AndroidManifest.xml:13:5-72:19
MERGED from [com.google.android.material:material:1.12.0] AndroidManifest.xml:22:5-20
MERGED from [com.google.android.material:material:1.12.0] AndroidManifest.xml:22:5-20
MERGED from [androidx.constraintlayout:constraintlayout:2.2.0] AndroidManifest.xml:7:5-20
MERGED from [androidx.constraintlayout:constraintlayout:2.2.0] AndroidManifest.xml:7:5-20
MERGED from [com.google.android.gms:play-services-maps:18.2.0] AndroidManifest.xml:36:5-42:19
MERGED from [com.google.android.gms:play-services-maps:18.2.0] AndroidManifest.xml:36:5-42:19
MERGED from [com.google.firebase:firebase-firestore:25.1.1] AndroidManifest.xml:13:5-24:19
MERGED from [com.google.firebase:firebase-firestore:25.1.1] AndroidManifest.xml:13:5-24:19
MERGED from [com.google.android.gms:play-services-location:21.0.1] AndroidManifest.xml:7:5-20
MERGED from [com.google.android.gms:play-services-location:21.0.1] AndroidManifest.xml:7:5-20
MERGED from [com.google.firebase:firebase-database-ktx:21.0.0] AndroidManifest.xml:8:5-16:19
MERGED from [com.google.firebase:firebase-database-ktx:21.0.0] AndroidManifest.xml:8:5-16:19
MERGED from [com.google.firebase:firebase-database:21.0.0] AndroidManifest.xml:25:5-36:19
MERGED from [com.google.firebase:firebase-database:21.0.0] AndroidManifest.xml:25:5-36:19
MERGED from [com.google.firebase:firebase-auth-ktx:22.0.0] AndroidManifest.xml:7:5-15:19
MERGED from [com.google.firebase:firebase-auth-ktx:22.0.0] AndroidManifest.xml:7:5-15:19
MERGED from [com.google.firebase:firebase-auth:22.0.0] AndroidManifest.xml:28:5-73:19
MERGED from [com.google.firebase:firebase-auth:22.0.0] AndroidManifest.xml:28:5-73:19
MERGED from [com.google.firebase:firebase-appcheck-interop:17.1.0] AndroidManifest.xml:21:5-20
MERGED from [com.google.firebase:firebase-appcheck-interop:17.1.0] AndroidManifest.xml:21:5-20
MERGED from [com.google.android.gms:play-services-base:18.1.0] AndroidManifest.xml:19:5-23:19
MERGED from [com.google.android.gms:play-services-base:18.1.0] AndroidManifest.xml:19:5-23:19
MERGED from [com.google.firebase:firebase-analytics-ktx:21.2.2] AndroidManifest.xml:7:5-15:19
MERGED from [com.google.firebase:firebase-analytics-ktx:21.2.2] AndroidManifest.xml:7:5-15:19
MERGED from [com.google.firebase:firebase-common-ktx:21.0.0] AndroidManifest.xml:8:5-16:19
MERGED from [com.google.firebase:firebase-common-ktx:21.0.0] AndroidManifest.xml:8:5-16:19
MERGED from [com.google.firebase:firebase-auth-interop:20.0.0] AndroidManifest.xml:7:5-8:19
MERGED from [com.google.firebase:firebase-auth-interop:20.0.0] AndroidManifest.xml:7:5-8:19
MERGED from [com.google.firebase:firebase-analytics:21.2.2] AndroidManifest.xml:7:5-20
MERGED from [com.google.firebase:firebase-analytics:21.2.2] AndroidManifest.xml:7:5-20
MERGED from [com.google.android.gms:play-services-measurement-api:21.2.2] AndroidManifest.xml:27:5-35:19
MERGED from [com.google.android.gms:play-services-measurement-api:21.2.2] AndroidManifest.xml:27:5-35:19
MERGED from [com.google.firebase:firebase-installations:17.1.3] AndroidManifest.xml:13:5-21:19
MERGED from [com.google.firebase:firebase-installations:17.1.3] AndroidManifest.xml:13:5-21:19
MERGED from [com.google.firebase:firebase-common:21.0.0] AndroidManifest.xml:22:5-39:19
MERGED from [com.google.firebase:firebase-common:21.0.0] AndroidManifest.xml:22:5-39:19
MERGED from [com.google.android.play:integrity:1.1.0] AndroidManifest.xml:5:5-6:19
MERGED from [com.google.android.play:integrity:1.1.0] AndroidManifest.xml:5:5-6:19
MERGED from [androidx.emoji2:emoji2:1.3.0] AndroidManifest.xml:23:5-33:19
MERGED from [androidx.emoji2:emoji2:1.3.0] AndroidManifest.xml:23:5-33:19
MERGED from [com.google.android.gms:play-services-measurement:21.2.2] AndroidManifest.xml:28:5-44:19
MERGED from [com.google.android.gms:play-services-measurement:21.2.2] AndroidManifest.xml:28:5-44:19
MERGED from [com.google.android.gms:play-services-measurement-sdk:21.2.2] AndroidManifest.xml:22:5-23:19
MERGED from [com.google.android.gms:play-services-measurement-sdk:21.2.2] AndroidManifest.xml:22:5-23:19
MERGED from [com.google.android.gms:play-services-measurement-impl:21.2.2] AndroidManifest.xml:29:5-30:19
MERGED from [com.google.android.gms:play-services-measurement-impl:21.2.2] AndroidManifest.xml:29:5-30:19
MERGED from [com.google.android.gms:play-services-stats:17.0.2] AndroidManifest.xml:7:5-20
MERGED from [com.google.android.gms:play-services-stats:17.0.2] AndroidManifest.xml:7:5-20
MERGED from [androidx.lifecycle:lifecycle-process:2.6.2] AndroidManifest.xml:23:5-33:19
MERGED from [androidx.lifecycle:lifecycle-process:2.6.2] AndroidManifest.xml:23:5-33:19
MERGED from [com.google.android.gms:play-services-tasks:18.1.0] AndroidManifest.xml:5:5-20
MERGED from [com.google.android.gms:play-services-tasks:18.1.0] AndroidManifest.xml:5:5-20
MERGED from [com.google.android.gms:play-services-ads-identifier:18.0.0] AndroidManifest.xml:25:5-20
MERGED from [com.google.android.gms:play-services-ads-identifier:18.0.0] AndroidManifest.xml:25:5-20
MERGED from [com.google.android.gms:play-services-measurement-base:21.2.2] AndroidManifest.xml:7:5-20
MERGED from [com.google.android.gms:play-services-measurement-base:21.2.2] AndroidManifest.xml:7:5-20
MERGED from [com.google.firebase:firebase-measurement-connector:19.0.0] AndroidManifest.xml:22:5-23:19
MERGED from [com.google.firebase:firebase-measurement-connector:19.0.0] AndroidManifest.xml:22:5-23:19
MERGED from [com.google.android.gms:play-services-basement:18.3.0] AndroidManifest.xml:20:5-24:19
MERGED from [com.google.android.gms:play-services-basement:18.3.0] AndroidManifest.xml:20:5-24:19
MERGED from [androidx.core:core:1.15.0] AndroidManifest.xml:28:5-89
MERGED from [androidx.core:core:1.15.0] AndroidManifest.xml:28:5-89
MERGED from [androidx.profileinstaller:profileinstaller:1.4.0] AndroidManifest.xml:23:5-53:19
MERGED from [androidx.profileinstaller:profileinstaller:1.4.0] AndroidManifest.xml:23:5-53:19
MERGED from [androidx.startup:startup-runtime:1.1.1] AndroidManifest.xml:25:5-31:19
MERGED from [androidx.startup:startup-runtime:1.1.1] AndroidManifest.xml:25:5-31:19
MERGED from [androidx.versionedparcelable:versionedparcelable:1.1.1] AndroidManifest.xml:24:5-25:19
MERGED from [androidx.versionedparcelable:versionedparcelable:1.1.1] AndroidManifest.xml:24:5-25:19
	android:extractNativeLibs
		INJECTED from src\main\AndroidManifest.xml
	android:appComponentFactory
		ADDED from [androidx.core:core:1.15.0] AndroidManifest.xml:28:18-86
	android:supportsRtl
		ADDED from src\main\AndroidManifest.xml:21:9-35
	android:label
		ADDED from src\main\AndroidManifest.xml:19:9-30
	android:fullBackupContent
		ADDED from src\main\AndroidManifest.xml:17:9-54
	android:roundIcon
		ADDED from src\main\AndroidManifest.xml:20:9-47
	tools:targetApi
		ADDED from src\main\AndroidManifest.xml:23:9-29
	android:icon
		ADDED from src\main\AndroidManifest.xml:18:9-42
	android:allowBackup
		ADDED from src\main\AndroidManifest.xml:15:9-35
	android:theme
		ADDED from src\main\AndroidManifest.xml:22:9-43
	android:dataExtractionRules
		ADDED from src\main\AndroidManifest.xml:16:9-65
	android:name
		ADDED from src\main\AndroidManifest.xml:14:9-30
activity#com.example.sha_2.Classroom
ADDED from src\main\AndroidManifest.xml:24:9-26:40
	android:exported
		ADDED from src\main\AndroidManifest.xml:26:13-37
	android:name
		ADDED from src\main\AndroidManifest.xml:25:13-38
activity#com.example.sha_2.AddRooms
ADDED from src\main\AndroidManifest.xml:27:9-29:40
	android:exported
		ADDED from src\main\AndroidManifest.xml:29:13-37
	android:name
		ADDED from src\main\AndroidManifest.xml:28:13-37
activity#com.example.sha_2.RequestedAdmin
ADDED from src\main\AndroidManifest.xml:30:9-32:39
	android:exported
		ADDED from src\main\AndroidManifest.xml:32:13-36
	android:name
		ADDED from src\main\AndroidManifest.xml:31:13-43
activity#com.example.sha_2.DeleteGuest
ADDED from src\main\AndroidManifest.xml:33:9-35:40
	android:exported
		ADDED from src\main\AndroidManifest.xml:35:13-37
	android:name
		ADDED from src\main\AndroidManifest.xml:34:13-40
activity#com.example.sha_2.EditProfile
ADDED from src\main\AndroidManifest.xml:36:9-38:40
	android:exported
		ADDED from src\main\AndroidManifest.xml:38:13-37
	android:name
		ADDED from src\main\AndroidManifest.xml:37:13-40
activity#com.example.sha_2.ForgotPassword
ADDED from src\main\AndroidManifest.xml:39:9-41:40
	android:exported
		ADDED from src\main\AndroidManifest.xml:41:13-37
	android:name
		ADDED from src\main\AndroidManifest.xml:40:13-43
activity#com.example.sha_2.Testing_buttons
ADDED from src\main\AndroidManifest.xml:42:9-44:40
	android:exported
		ADDED from src\main\AndroidManifest.xml:44:13-37
	android:name
		ADDED from src\main\AndroidManifest.xml:43:13-44
activity#com.example.sha_2.LivingRoom
ADDED from src\main\AndroidManifest.xml:45:9-47:40
	android:exported
		ADDED from src\main\AndroidManifest.xml:47:13-37
	android:name
		ADDED from src\main\AndroidManifest.xml:46:13-39
activity#com.example.sha_2.Home
ADDED from src\main\AndroidManifest.xml:48:9-50:40
	android:exported
		ADDED from src\main\AndroidManifest.xml:50:13-37
	android:name
		ADDED from src\main\AndroidManifest.xml:49:13-33
activity#com.example.sha_2.Schedule
ADDED from src\main\AndroidManifest.xml:51:9-53:40
	android:exported
		ADDED from src\main\AndroidManifest.xml:53:13-37
	android:name
		ADDED from src\main\AndroidManifest.xml:52:13-37
activity#com.example.sha_2.Profile
ADDED from src\main\AndroidManifest.xml:54:9-56:40
	android:exported
		ADDED from src\main\AndroidManifest.xml:56:13-37
	android:name
		ADDED from src\main\AndroidManifest.xml:55:13-36
activity#com.example.sha_2.Add_Schedule
ADDED from src\main\AndroidManifest.xml:57:9-59:40
	android:exported
		ADDED from src\main\AndroidManifest.xml:59:13-37
	android:name
		ADDED from src\main\AndroidManifest.xml:58:13-41
activity#com.example.sha_2.CreateAccountActivity
ADDED from src\main\AndroidManifest.xml:60:9-62:40
	android:exported
		ADDED from src\main\AndroidManifest.xml:62:13-37
	android:name
		ADDED from src\main\AndroidManifest.xml:61:13-50
activity#com.example.sha_2.MainActivity
ADDED from src\main\AndroidManifest.xml:63:9-71:20
	android:exported
		ADDED from src\main\AndroidManifest.xml:65:13-36
	android:name
		ADDED from src\main\AndroidManifest.xml:64:13-41
intent-filter#action:name:android.intent.action.MAIN+category:name:android.intent.category.LAUNCHER
ADDED from src\main\AndroidManifest.xml:66:13-70:29
action#android.intent.action.MAIN
ADDED from src\main\AndroidManifest.xml:67:17-69
	android:name
		ADDED from src\main\AndroidManifest.xml:67:25-66
category#android.intent.category.LAUNCHER
ADDED from src\main\AndroidManifest.xml:69:17-77
	android:name
		ADDED from src\main\AndroidManifest.xml:69:27-74
uses-sdk
INJECTED from src\main\AndroidManifest.xml reason: use-sdk injection requested
INJECTED from src\main\AndroidManifest.xml
INJECTED from src\main\AndroidManifest.xml
MERGED from [com.google.android.material:material:1.12.0] AndroidManifest.xml:20:5-44
MERGED from [com.google.android.material:material:1.12.0] AndroidManifest.xml:20:5-44
MERGED from [androidx.constraintlayout:constraintlayout:2.2.0] AndroidManifest.xml:5:5-44
MERGED from [androidx.constraintlayout:constraintlayout:2.2.0] AndroidManifest.xml:5:5-44
MERGED from [androidx.appcompat:appcompat-resources:1.7.0] AndroidManifest.xml:5:5-44
MERGED from [androidx.appcompat:appcompat-resources:1.7.0] AndroidManifest.xml:5:5-44
MERGED from [androidx.appcompat:appcompat:1.7.0] AndroidManifest.xml:5:5-44
MERGED from [androidx.appcompat:appcompat:1.7.0] AndroidManifest.xml:5:5-44
MERGED from [com.google.android.gms:play-services-maps:18.2.0] AndroidManifest.xml:20:5-44
MERGED from [com.google.android.gms:play-services-maps:18.2.0] AndroidManifest.xml:20:5-44
MERGED from [androidx.viewpager2:viewpager2:1.0.0] AndroidManifest.xml:20:5-22:41
MERGED from [androidx.viewpager2:viewpager2:1.0.0] AndroidManifest.xml:20:5-22:41
MERGED from [com.google.firebase:firebase-firestore:25.1.1] AndroidManifest.xml:6:5-44
MERGED from [com.google.firebase:firebase-firestore:25.1.1] AndroidManifest.xml:6:5-44
MERGED from [com.google.android.gms:play-services-location:21.0.1] AndroidManifest.xml:5:5-44
MERGED from [com.google.android.gms:play-services-location:21.0.1] AndroidManifest.xml:5:5-44
MERGED from [com.google.firebase:firebase-database-ktx:21.0.0] AndroidManifest.xml:5:5-44
MERGED from [com.google.firebase:firebase-database-ktx:21.0.0] AndroidManifest.xml:5:5-44
MERGED from [com.google.firebase:firebase-database:21.0.0] AndroidManifest.xml:18:5-44
MERGED from [com.google.firebase:firebase-database:21.0.0] AndroidManifest.xml:18:5-44
MERGED from [com.google.firebase:firebase-database-collection:18.0.1] AndroidManifest.xml:5:5-7:41
MERGED from [com.google.firebase:firebase-database-collection:18.0.1] AndroidManifest.xml:5:5-7:41
MERGED from [com.google.firebase:firebase-auth-ktx:22.0.0] AndroidManifest.xml:5:5-44
MERGED from [com.google.firebase:firebase-auth-ktx:22.0.0] AndroidManifest.xml:5:5-44
MERGED from [com.google.firebase:firebase-auth:22.0.0] AndroidManifest.xml:21:5-23:64
MERGED from [com.google.firebase:firebase-auth:22.0.0] AndroidManifest.xml:21:5-23:64
MERGED from [com.google.firebase:firebase-appcheck-interop:17.1.0] AndroidManifest.xml:18:5-44
MERGED from [com.google.firebase:firebase-appcheck-interop:17.1.0] AndroidManifest.xml:18:5-44
MERGED from [com.google.android.gms:play-services-auth-api-phone:17.4.0] AndroidManifest.xml:5:5-44
MERGED from [com.google.android.gms:play-services-auth-api-phone:17.4.0] AndroidManifest.xml:5:5-44
MERGED from [com.google.android.gms:play-services-base:18.1.0] AndroidManifest.xml:18:5-43
MERGED from [com.google.android.gms:play-services-base:18.1.0] AndroidManifest.xml:18:5-43
MERGED from [com.google.firebase:firebase-analytics-ktx:21.2.2] AndroidManifest.xml:5:5-44
MERGED from [com.google.firebase:firebase-analytics-ktx:21.2.2] AndroidManifest.xml:5:5-44
MERGED from [com.google.firebase:firebase-common-ktx:21.0.0] AndroidManifest.xml:5:5-44
MERGED from [com.google.firebase:firebase-common-ktx:21.0.0] AndroidManifest.xml:5:5-44
MERGED from [com.google.firebase:firebase-auth-interop:20.0.0] AndroidManifest.xml:5:5-44
MERGED from [com.google.firebase:firebase-auth-interop:20.0.0] AndroidManifest.xml:5:5-44
MERGED from [com.google.firebase:firebase-analytics:21.2.2] AndroidManifest.xml:5:5-44
MERGED from [com.google.firebase:firebase-analytics:21.2.2] AndroidManifest.xml:5:5-44
MERGED from [com.google.android.gms:play-services-measurement-api:21.2.2] AndroidManifest.xml:20:5-44
MERGED from [com.google.android.gms:play-services-measurement-api:21.2.2] AndroidManifest.xml:20:5-44
MERGED from [com.google.firebase:firebase-installations:17.1.3] AndroidManifest.xml:5:5-7:41
MERGED from [com.google.firebase:firebase-installations:17.1.3] AndroidManifest.xml:5:5-7:41
MERGED from [com.google.firebase:firebase-common:21.0.0] AndroidManifest.xml:19:5-44
MERGED from [com.google.firebase:firebase-common:21.0.0] AndroidManifest.xml:19:5-44
MERGED from [com.google.android.recaptcha:recaptcha:18.1.2] AndroidManifest.xml:5:5-44
MERGED from [com.google.android.recaptcha:recaptcha:18.1.2] AndroidManifest.xml:5:5-44
MERGED from [com.google.android.play:integrity:1.1.0] AndroidManifest.xml:4:5-44
MERGED from [com.google.android.play:integrity:1.1.0] AndroidManifest.xml:4:5-44
MERGED from [androidx.media3:media3-exoplayer:1.5.1] AndroidManifest.xml:20:5-44
MERGED from [androidx.media3:media3-exoplayer:1.5.1] AndroidManifest.xml:20:5-44
MERGED from [androidx.media3:media3-extractor:1.5.1] AndroidManifest.xml:20:5-44
MERGED from [androidx.media3:media3-extractor:1.5.1] AndroidManifest.xml:20:5-44
MERGED from [androidx.media3:media3-container:1.5.1] AndroidManifest.xml:20:5-44
MERGED from [androidx.media3:media3-container:1.5.1] AndroidManifest.xml:20:5-44
MERGED from [androidx.media3:media3-datasource:1.5.1] AndroidManifest.xml:20:5-44
MERGED from [androidx.media3:media3-datasource:1.5.1] AndroidManifest.xml:20:5-44
MERGED from [androidx.media3:media3-decoder:1.5.1] AndroidManifest.xml:20:5-44
MERGED from [androidx.media3:media3-decoder:1.5.1] AndroidManifest.xml:20:5-44
MERGED from [androidx.media3:media3-database:1.5.1] AndroidManifest.xml:20:5-44
MERGED from [androidx.media3:media3-database:1.5.1] AndroidManifest.xml:20:5-44
MERGED from [androidx.media3:media3-common:1.5.1] AndroidManifest.xml:20:5-44
MERGED from [androidx.media3:media3-common:1.5.1] AndroidManifest.xml:20:5-44
MERGED from [androidx.media3:media3-common-ktx:1.5.1] AndroidManifest.xml:20:5-44
MERGED from [androidx.media3:media3-common-ktx:1.5.1] AndroidManifest.xml:20:5-44
MERGED from [androidx.emoji2:emoji2-views-helper:1.3.0] AndroidManifest.xml:5:5-44
MERGED from [androidx.emoji2:emoji2-views-helper:1.3.0] AndroidManifest.xml:5:5-44
MERGED from [androidx.emoji2:emoji2:1.3.0] AndroidManifest.xml:21:5-44
MERGED from [androidx.emoji2:emoji2:1.3.0] AndroidManifest.xml:21:5-44
MERGED from [androidx.transition:transition:1.5.0] AndroidManifest.xml:5:5-44
MERGED from [androidx.transition:transition:1.5.0] AndroidManifest.xml:5:5-44
MERGED from [androidx.dynamicanimation:dynamicanimation:1.0.0] AndroidManifest.xml:20:5-44
MERGED from [androidx.dynamicanimation:dynamicanimation:1.0.0] AndroidManifest.xml:20:5-44
MERGED from [com.google.android.gms:play-services-measurement:21.2.2] AndroidManifest.xml:20:5-44
MERGED from [com.google.android.gms:play-services-measurement:21.2.2] AndroidManifest.xml:20:5-44
MERGED from [com.google.android.gms:play-services-measurement-sdk:21.2.2] AndroidManifest.xml:20:5-44
MERGED from [com.google.android.gms:play-services-measurement-sdk:21.2.2] AndroidManifest.xml:20:5-44
MERGED from [com.google.android.gms:play-services-measurement-impl:21.2.2] AndroidManifest.xml:20:5-44
MERGED from [com.google.android.gms:play-services-measurement-impl:21.2.2] AndroidManifest.xml:20:5-44
MERGED from [com.google.android.gms:play-services-stats:17.0.2] AndroidManifest.xml:5:5-44
MERGED from [com.google.android.gms:play-services-stats:17.0.2] AndroidManifest.xml:5:5-44
MERGED from [androidx.legacy:legacy-support-core-utils:1.0.0] AndroidManifest.xml:20:5-44
MERGED from [androidx.legacy:legacy-support-core-utils:1.0.0] AndroidManifest.xml:20:5-44
MERGED from [androidx.loader:loader:1.0.0] AndroidManifest.xml:20:5-44
MERGED from [androidx.loader:loader:1.0.0] AndroidManifest.xml:20:5-44
MERGED from [androidx.lifecycle:lifecycle-livedata:2.6.2] AndroidManifest.xml:20:5-44
MERGED from [androidx.lifecycle:lifecycle-livedata:2.6.2] AndroidManifest.xml:20:5-44
MERGED from [androidx.lifecycle:lifecycle-viewmodel:2.6.2] AndroidManifest.xml:20:5-44
MERGED from [androidx.lifecycle:lifecycle-viewmodel:2.6.2] AndroidManifest.xml:20:5-44
MERGED from [androidx.lifecycle:lifecycle-process:2.6.2] AndroidManifest.xml:21:5-44